**************************************************************
*                Code Check Processing Log                   *
**************************************************************
CHECKCD V2007.04.20 Start[12/29/13 13:53:10] End [12/29/13 13:53:17] System[Javamail] Dir[c:\javamail] Lines[758] Checks[15] Errors[64] DPMO[5277] Sigma[4.0]
CHK3090 Start[01/07/14 08:40:02] End [01/07/14 08:40:20] System[3090] Lines[5375] Checks[4] Errors[11] DPMO[146] Sigma[5.1]
CHK3090 Start[01/07/14 08:41:06] End [01/07/14 08:41:13] System[3090] Lines[5375] Checks[4] Errors[11] DPMO[146] Sigma[5.1]
CHK3090 Start[01/07/14 08:43:43] End [01/07/14 08:44:52] System[3090] Lines[5375] Checks[4] Errors[11] DPMO[146] Sigma[5.1]
CHK3090 Start[01/07/14 08:49:05] End [01/07/14 08:51:10] System[3090] Lines[5770] Checks[4] Errors[11] DPMO[136] Sigma[5.1]
CHK3090 Start[01/07/14 08:51:16] End [01/07/14 08:51:37] System[3090] Lines[10328] Checks[4] Errors[11] DPMO[76] Sigma[5.2]
CHK3090 Start[01/07/14 08:55:14] End [01/07/14 08:55:54] System[3090] Lines[10328] Checks[4] Errors[11] DPMO[76] Sigma[5.2]
CHK3090 Start[01/07/14 08:57:50] End [01/07/14 08:58:07] System[3090] Lines[15105] Checks[4] Errors[11] DPMO[52] Sigma[5.3]
CHK3090 Start[01/07/14 09:01:05] End [01/07/14 09:02:49] System[3090] Lines[16131] Checks[4] Errors[11] DPMO[49] Sigma[5.3]
CHK3090 Start[01/07/14 09:02:56] End [01/07/14 09:03:23] System[3090] Lines[16131] Checks[4] Errors[11] DPMO[49] Sigma[5.3]
CHK3090 Start[01/07/14 09:04:10] End [01/07/14 09:06:09] System[3090] Lines[17320] Checks[4] Errors[11] DPMO[45] Sigma[5.3]
CHK3090 Start[01/07/14 09:08:03] End [01/07/14 09:09:24] System[3090] Lines[16131] Checks[4] Errors[11] DPMO[49] Sigma[5.3]
CHK3090 Start[01/07/14 09:13:00] End [01/07/14 09:18:09] System[3090] Lines[16790] Checks[4] Errors[11] DPMO[47] Sigma[5.3]
CHK3090 Start[01/07/14 09:18:17] End [01/07/14 09:18:26] System[3090] Lines[21938] Checks[4] Errors[14] DPMO[46] Sigma[5.3]
CHK3090 Start[01/07/14 09:19:25] End [01/07/14 09:19:41] System[3090] Lines[17556] Checks[4] Errors[14] DPMO[57] Sigma[5.3]
CHK3090 Start[01/07/14 09:21:07] End [01/07/14 09:21:16] System[3090] Lines[21938] Checks[4] Errors[14] DPMO[46] Sigma[5.3]
CHK3090 Start[01/07/14 14:20:04] End [01/07/14 14:21:03] System[3090] Lines[145900] Checks[4] Errors[1164] DPMO[570] Sigma[4.7]
CHK3090 Start[01/07/14 16:28:01] End [01/07/14 16:28:30] System[3090] Lines[84463] Checks[4] Errors[581] DPMO[491] Sigma[4.7]
CHK3090 Start[01/08/14 09:15:36] End [01/08/14 09:16:03] System[3090] Lines[85377] Checks[4] Errors[584] DPMO[489] Sigma[4.7]
CHECKCD V2007.04.20 Start[01/08/14 14:57:38] End [01/08/14 14:57:45] System[Javamail] Dir[c:\javamail] Lines[758] Checks[15] Errors[64] DPMO[5277] Sigma[4.0]
CHECKCD V2007.04.20 Start[01/08/14 15:50:00] End [01/08/14 15:50:07] System[Javamail] Dir[c:\javamail] Lines[758] Checks[15] Errors[64] DPMO[5277] Sigma[4.0]
CHECKCD V2007.04.20 Start[01/08/14 16:47:49] End [01/08/14 16:47:56] System[Javamail] Dir[c:\javamail] Lines[758] Checks[15] Errors[64] DPMO[5277] Sigma[4.0]
CHK3090 Start[01/11/14 14:33:55] End [01/11/14 14:34:03] System[3090] Lines[1229] Checks[4] Errors[3] DPMO[174] Sigma[5.0]
CHK3090 Start[01/11/14 14:51:15] End [01/11/14 14:51:16] System[3090] Lines[] Checks[4] Errors[0] DPMO[0] Sigma[6.0]
CHK3090 Start[01/11/14 14:54:03] End [01/11/14 14:54:04] System[3090] Lines[] Checks[4] Errors[0] DPMO[0] Sigma[6.0]
CHK3090 Start[01/11/14 15:09:12] End [01/11/14 15:09:14] System[3090] Lines[1229] Checks[4] Errors[3] DPMO[174] Sigma[5.0]
CHK3090 Start[01/11/14 15:10:15] End [01/11/14 15:10:17] System[3090] Lines[3514] Checks[4] Errors[9] DPMO[183] Sigma[5.0]
CHK3090 Start[01/11/14 15:26:17] End [01/11/14 15:26:18] System[3090] Lines[1229] Checks[4] Errors[3] DPMO[174] Sigma[5.0]
CHK3090 Start[01/11/14 15:26:47] End [01/11/14 15:26:49] System[3090] Lines[3514] Checks[4] Errors[6] DPMO[122] Sigma[5.1]
CHK3090 Start[01/11/14 15:33:41] End [01/11/14 15:33:44] System[3090] Lines[3514] Checks[4] Errors[4] DPMO[81] Sigma[5.2]
CHK3090 Start[01/11/14 15:58:30] End [01/11/14 15:58:32] System[3090] Lines[3514] Checks[4] Errors[4] DPMO[81] Sigma[5.2]
CHK3090 Start[01/11/14 16:02:12] End [01/11/14 16:02:15] System[3090] Lines[3514] Checks[4] Errors[4] DPMO[81] Sigma[5.2]
CHK3090 Start[01/11/14 16:17:38] End [01/11/14 16:17:41] System[3090] Lines[3514] Checks[4] Errors[4] DPMO[76] Sigma[5.2]
CHK3090 Start[01/11/14 16:22:29] End [01/11/14 16:22:31] System[3090] Lines[1229] Checks[4] Errors[3] DPMO[163] Sigma[5.0]
CHK3090 Start[01/11/14 16:25:08] End [01/11/14 16:25:11] System[3090] Lines[3514] Checks[4] Errors[4] DPMO[76] Sigma[5.2]
CHK3090 Start[01/11/14 16:25:35] End [01/11/14 16:25:36] System[3090] Lines[1229] Checks[4] Errors[3] DPMO[163] Sigma[5.0]
CHK3090 Start[01/11/14 16:30:46] End [01/11/14 16:30:47] System[3090] Lines[1229] Checks[4] Errors[3] DPMO[163] Sigma[5.0]
CHK3090 Start[01/11/14 16:36:39] End [01/11/14 16:36:44] System[3090] Lines[1229] Checks[4] Errors[4] DPMO[217] Sigma[5.0]
CHK3090 Start[01/11/14 16:55:31] End [01/11/14 16:55:32] System[3090] Lines[1230] Checks[4] Errors[4] DPMO[217] Sigma[5.0]
CHK3090 Start[01/11/14 16:56:25] End [01/11/14 16:56:26] System[3090] Lines[1230] Checks[4] Errors[4] DPMO[217] Sigma[5.0]
CHK3090 Start[01/11/14 16:57:02] End [01/11/14 16:57:03] System[3090] Lines[1230] Checks[4] Errors[5] DPMO[271] Sigma[4.9]
CHK3090 Start[01/11/14 16:57:45] End [01/11/14 16:57:47] System[3090] Lines[1230] Checks[4] Errors[4] DPMO[217] Sigma[5.0]
CHK3090 Start[01/11/14 16:58:17] End [01/11/14 16:58:40] System[3090] Lines[48054] Checks[4] Errors[571] DPMO[792] Sigma[4.6]
CHK3090 Start[01/11/14 17:03:31] End [01/11/14 17:03:52] System[3090] Lines[48054] Checks[4] Errors[541] DPMO[751] Sigma[4.6]
CHK3090 Start[01/11/14 17:07:29] End [01/11/14 17:07:51] System[3090] Lines[48054] Checks[4] Errors[541] DPMO[751] Sigma[4.6]
CHK3090 Start[01/11/14 17:12:43] End [01/11/14 17:12:44] System[3090] Lines[1230] Checks[4] Errors[4] DPMO[217] Sigma[5.0]
CHK3090 Start[01/11/14 17:14:14] End [01/11/14 17:14:16] System[3090] Lines[1230] Checks[4] Errors[4] DPMO[217] Sigma[5.0]
CHK3090 Start[01/11/14 17:14:44] End [01/11/14 17:14:45] System[3090] Lines[1230] Checks[4] Errors[4] DPMO[217] Sigma[5.0]
CHK3090 Start[01/11/14 17:16:42] End [01/11/14 17:17:03] System[3090] Lines[48054] Checks[4] Errors[541] DPMO[751] Sigma[4.6]
CHK3090 Start[01/11/14 17:19:12] End [01/11/14 17:19:33] System[3090] Lines[48054] Checks[4] Errors[541] DPMO[751] Sigma[4.6]
CHK3090 Start[01/11/14 17:20:37] End [01/11/14 17:20:58] System[3090] Lines[48054] Checks[4] Errors[541] DPMO[751] Sigma[4.6]
CHK3090 Start[01/11/14 17:21:37] End [01/11/14 17:21:39] System[3090] Lines[3514] Checks[4] Errors[68] DPMO[1290] Sigma[4.5]
CHK3090 Start[01/11/14 17:26:02] End [01/11/14 17:26:05] System[3090] Lines[3514] Checks[4] Errors[68] DPMO[1290] Sigma[4.5]
CHK3090 Start[01/11/14 17:36:34] End [01/11/14 17:36:35] System[3090] Lines[900] Checks[4] Errors[0] DPMO[0] Sigma[6.0]
CHK3090 Start[01/11/14 17:37:49] End [01/11/14 17:37:51] System[3090] Lines[2130] Checks[4] Errors[4] DPMO[125] Sigma[5.1]
CHK3090 Start[01/11/14 17:39:55] End [01/11/14 17:39:57] System[3090] Lines[3514] Checks[4] Errors[26] DPMO[493] Sigma[4.7]
CHK3090 Start[01/11/14 18:39:35] End [01/11/14 18:39:38] System[3090] Lines[3514] Checks[4] Errors[26] DPMO[493] Sigma[4.7]
CHECKCD V2007.04.20 Start[01/12/14 08:26:04] End [01/12/14 08:26:06] System[Javamail] Dir[c:\javamai] Lines[] Checks[15] Errors[0] DPMO[0] Sigma[6.0]
CHECKCD V2007.04.20 Start[01/12/14 08:28:54] End [01/12/14 08:28:55] System[Javamail] Dir[c:\javamai] Lines[] Checks[15] Errors[0] DPMO[0] Sigma[6.0]
CHECKCD V2007.04.20 Start[01/12/14 08:30:14] End [01/12/14 08:30:15] System[Javamail] Dir[c:\javamai] Lines[] Checks[15] Errors[0] DPMO[0] Sigma[6.0]
CHECKCD V2007.04.20 Start[01/12/14 08:30:56] End [01/12/14 08:31:04] System[JM] Dir[c:\javamail] Lines[758] Checks[15] Errors[64] DPMO[5277] Sigma[4.0]
CHECKCD V2007.04.20 Start[01/12/14 08:34:35] End [01/12/14 08:34:43] System[Javamail] Dir[c:\javamail] Lines[758] Checks[15] Errors[64] DPMO[5277] Sigma[4.0]
CHECKCD V2007.04.20 Start[01/12/14 08:37:01] End [01/12/14 08:37:09] System[Javamail] Dir[c:\javamail] Lines[758] Checks[15] Errors[64] DPMO[5277] Sigma[4.0]
CHECKCD V2007.04.20 Start[01/12/14 11:06:11] End [01/12/14 11:06:19] System[Javamail] Dir[c:\JavaMail] Lines[758] Checks[15] Errors[64] DPMO[5277] Sigma[4.0]
CHECKCD V2007.04.20 Start[01/12/14 11:11:48] End [01/12/14 11:11:50] System[BeditTest] Dir[c:\BEdit\01032014a-backup] Lines[3180] Checks[15] Errors[0] DPMO[0] Sigma[6.0]
CHK3090 Start[01/12/14 11:32:21] End [01/12/14 11:36:00] System[3090] Lines[342553] Checks[4] Errors[2679] DPMO[521] Sigma[4.7]
CHECKCD V2007.04.20 Start[01/12/14 13:03:20] End [01/12/14 13:03:22] System[SmallJavaMail] Dir[c:\JavaMail\GenericSource] Lines[127] Checks[15] Errors[11] DPMO[5413] Sigma[4.0]
CHECKCD V2007.04.20 Start[01/12/14 13:04:03] End [01/12/14 13:04:06] System[SmallJavaMail] Dir[c:\JavaMail\GenericSource] Lines[127] Checks[15] Errors[11] DPMO[5413] Sigma[4.0]
CHECKCD V2007.04.20 Start[01/12/14 17:04:28] End [01/12/14 17:04:32] System[JavaMailBackup] Dir[c:\JavaMail\Backup] Lines[307] Checks[15] Errors[28] DPMO[5700] Sigma[4.0]
CHECKCD V2007.04.20 Start[01/12/14 17:08:23] End [01/12/14 17:08:26] System[SmallJavaMail] Dir[c:\JavaMail\GenericSource] Lines[127] Checks[15] Errors[11] DPMO[5413] Sigma[4.0]
CHECKCD V2007.04.20 Start[01/12/14 17:09:02] End [01/12/14 17:09:05] System[SmallJavaMail] Dir[c:\JavaMail\GenericSource] Lines[127] Checks[15] Errors[11] DPMO[5413] Sigma[4.0]
CHECKCD V2007.04.20 Start[01/12/14 17:12:46] End [01/12/14 17:12:48] System[SmallJavaMail] Dir[c:\JavaMail\GenericSource] Lines[127] Checks[15] Errors[11] DPMO[5413] Sigma[4.0]
CHECKCD V2007.04.20 Start[01/12/14 17:14:03] End [01/12/14 17:14:06] System[SmallJavaMail] Dir[c:\JavaMail\GenericSource] Lines[127] Checks[15] Errors[11] DPMO[5413] Sigma[4.0]
CHECKCD V2007.04.20 Start[01/12/14 17:17:39] End [01/12/14 17:17:42] System[BeditTest] Dir[c:\BEdit\01032014a-backup] Lines[3180] Checks[15] Errors[0] DPMO[0] Sigma[6.0]
CHECKCD V2007.04.20 Start[01/12/14 17:18:22] End [01/12/14 17:18:25] System[BeditTest] Dir[c:\BEdit\01032014a-backup] Lines[3180] Checks[15] Errors[0] DPMO[0] Sigma[6.0]
CHECKCD V2007.04.20 Start[01/12/14 17:22:43] End [01/12/14 17:22:47] System[BeditTest] Dir[c:\BEdit\01032014a-backup] Lines[3180] Checks[15] Errors[0] DPMO[0] Sigma[6.0]
CHECKCD V2007.04.20 Start[01/12/14 17:26:02] End [01/12/14 17:26:05] System[BeditTest] Dir[c:\BEdit\01032014a-backup] Lines[3180] Checks[15] Errors[0] DPMO[0] Sigma[6.0]
CHECKCD V2007.04.20 Start[01/12/14 17:27:47] End [01/12/14 17:27:50] System[BeditTest] Dir[c:\BEdit\01032014a-backup] Lines[3180] Checks[15] Errors[0] DPMO[0] Sigma[6.0]
CHECKCD V2007.04.20 Start[01/12/14 17:28:14] End [01/12/14 17:28:17] System[BeditTest] Dir[c:\BEdit\01032014a-backup] Lines[3180] Checks[15] Errors[0] DPMO[0] Sigma[6.0]
CHECKCD V2007.04.20 Start[01/12/14 17:30:07] End [01/12/14 17:30:14] System[Javamail] Dir[c:\JavaMail] Lines[758] Checks[15] Errors[64] DPMO[5277] Sigma[4.0]
CHECKCD V2007.04.20 Start[01/12/14 17:30:48] End [01/12/14 17:30:56] System[Javamail] Dir[c:\JavaMail] Lines[758] Checks[15] Errors[64] DPMO[5277] Sigma[4.0]
CHECKCD V2007.04.20 Start[01/12/14 17:31:43] End [01/12/14 17:31:51] System[Javamail] Dir[c:\JavaMail] Lines[758] Checks[15] Errors[64] DPMO[5277] Sigma[4.0]
CHECKCD V2007.04.20 Start[01/12/14 17:33:28] End [01/12/14 17:33:31] System[SmallJavaMail] Dir[c:\JavaMail\GenericSource] Lines[127] Checks[15] Errors[11] DPMO[5413] Sigma[4.0]
CHECKCD V2007.04.20 Start[01/12/14 17:33:47] End [01/12/14 17:33:51] System[JavaMailBackup] Dir[c:\JavaMail\Backup] Lines[307] Checks[15] Errors[28] DPMO[5700] Sigma[4.0]
CHECKCD V2007.04.20 Start[01/12/14 17:34:03] End [01/12/14 17:34:07] System[B-Edit-1] Dir[c:\JavaMail\Backup] Lines[307] Checks[15] Errors[28] DPMO[5700] Sigma[4.0]
CHECKCD V2007.04.20 Start[01/12/14 17:34:37] End [01/12/14 17:34:46] System[Javamail] Dir[c:\JavaMail] Lines[758] Checks[15] Errors[64] DPMO[5277] Sigma[4.0]
CHECKCD V2007.04.20 Start[01/12/14 17:40:51] End [01/12/14 17:40:54] System[SmallJavaMail] Dir[c:\JavaMail\GenericSource] Lines[127] Checks[15] Errors[11] DPMO[5413] Sigma[4.0]
CHK3090 Start[01/12/14 18:14:06] End [01/12/14 18:14:10] System[3090] Lines[3514] Checks[4] Errors[26] DPMO[493] Sigma[4.7]
CHECKCD V2007.04.20 Start[01/12/14 18:15:30] End [01/12/14 18:15:37] System[RayTrace] Dir[c:\c-dir\Ray] Lines[877] Checks[15] Errors[3] DPMO[214] Sigma[5.0]
CHECKCD V2007.04.20 Start[01/12/14 18:17:31] End [01/12/14 18:18:49] System[NeuralNetworks] Dir[c:\c-dir\NeuralNetworks] Lines[20771] Checks[15] Errors[2] DPMO[6] Sigma[5.8]
CHECKCD V2007.04.20 Start[01/12/14 18:23:07] End [01/12/14 18:23:12] System[WTCPIP] Dir[c:\c-dir\TCPIP] Lines[675] Checks[15] Errors[0] DPMO[0] Sigma[6.0]
CHECKCD V2007.04.20 Start[01/12/14 18:27:06] End [01/12/14 18:27:08] System[SmallJavaMail] Dir[c:\JavaMail\GenericSource] Lines[127] Checks[15] Errors[11] DPMO[5413] Sigma[4.0]
CHECKCD V2007.04.20 Start[01/12/14 18:27:55] End [01/12/14 18:28:20] System[MFO] Dir[c:\cdcheck\MyFleetOffice] Lines[2815] Checks[15] Errors[12] DPMO[266] Sigma[4.9]
CHECKCD V2007.04.20 Start[01/12/14 18:29:10] End [01/12/14 18:29:16] System[ReportHistory] Dir[c:\cdcheck\RptHist] Lines[] Checks[15] Errors[0] DPMO[0] Sigma[6.0]
CHECKCD V2007.04.20 Start[01/12/14 18:35:11] End [01/12/14 18:36:10] System[NeuralNetworks] Dir[c:\c-dir\NeuralNetworks\NetOne] Lines[18584] Checks[15] Errors[0] DPMO[0] Sigma[6.0]
CHECKCD V2007.04.20 Start[01/13/14 16:20:02] End [01/13/14 16:20:12] System[Scabba] Dir[c:\BEdit\Scabba] Lines[9927] Checks[15] Errors[16] DPMO[101] Sigma[5.1]
CHK3090 Start[01/18/14 21:14:38] End [01/18/14 21:14:41] System[3090] Lines[3514] Checks[4] Errors[26] DPMO[493] Sigma[4.7]
CHECKCD V2007.04.20 Start[01/18/14 21:15:17] End [01/18/14 21:15:24] System[Javamail] Dir[c:\JavaMail] Lines[758] Checks[15] Errors[64] DPMO[5277] Sigma[4.0]
CHK3090 Start[01/20/14 21:42:17] End [01/20/14 21:42:20] System[3090] Lines[3514] Checks[4] Errors[26] DPMO[493] Sigma[4.7]
CHECKCD V2007.04.20 Start[01/20/14 21:42:43] End [01/20/14 21:42:50] System[Javamail] Dir[c:\JavaMail] Lines[758] Checks[15] Errors[64] DPMO[5277] Sigma[4.0]
CHECKCD V2007.04.20 Start[01/20/14 21:43:11] End [01/20/14 21:44:04] System[NeuralNetworks] Dir[c:\c-dir\NeuralNetworks\NetOne] Lines[18584] Checks[15] Errors[0] DPMO[0] Sigma[6.0]
CHECKCD V2007.04.20 Start[01/20/14 21:44:39] End [01/20/14 21:44:41] System[SmallJavaMail] Dir[c:\JavaMail\GenericSource] Lines[127] Checks[15] Errors[11] DPMO[5413] Sigma[4.0]
CHECKCD V2007.04.20 Start[01/21/14 13:15:28] End [01/21/14 13:15:32] System[SmallJavaMail] Dir[c:\JavaMail\GenericSource] Lines[127] Checks[15] Errors[11] DPMO[5413] Sigma[4.0]
CHECKCD V2007.04.20 Start[01/21/14 13:16:27] End [01/21/14 13:16:30] System[SmallJavaMail] Dir[c:\JavaMail\GenericSource] Lines[127] Checks[15] Errors[11] DPMO[5413] Sigma[4.0]
CHK3090 Start[01/21/14 13:19:23] End [01/21/14 13:19:26] System[3090] Lines[3514] Checks[4] Errors[26] DPMO[493] Sigma[4.7]
CHECKCD V2007.04.20 Start[01/28/14 13:57:19] End [01/28/14 13:57:21] System[SmallJavaMail] Dir[c:\JavaMail\GenericSource] Lines[127] Checks[15] Errors[11] DPMO[5413] Sigma[4.0]
CHK3090 Start[01/28/14 13:58:31] End [01/28/14 13:58:34] System[3090] Lines[2460] Checks[4] Errors[8] DPMO[217] Sigma[5.0]
CHECKCD V2007.04.20 Start[01/28/14 14:45:02] End [01/28/14 14:45:05] System[SmallJavaMail] Dir[c:\JavaMail\GenericSource] Lines[127] Checks[15] Errors[11] DPMO[5413] Sigma[4.0]
CHK3090 Start[01/28/14 15:00:25] End [01/28/14 15:00:28] System[3090] Lines[3274] Checks[4] Errors[7] DPMO[143] Sigma[5.1]
CHECKCD V2007.04.20 Start[02/03/14 11:29:09] End [02/03/14 11:29:12] System[SmallJavaMail] Dir[c:\JavaMail\GenericSource] Lines[127] Checks[15] Errors[11] DPMO[5413] Sigma[4.0]
CHK3090 Start[02/03/14 11:29:42] End [02/03/14 11:29:45] System[3090] Lines[3514] Checks[4] Errors[26] DPMO[493] Sigma[4.7]
CHECKCD V2007.04.20 Start[02/06/14 09:29:20] End [02/06/14 09:29:23] System[SmallJavaMail] Dir[c:\JavaMail\GenericSource] Lines[127] Checks[15] Errors[11] DPMO[5413] Sigma[4.0]
CHK3090 Start[02/06/14 09:31:55] End [02/06/14 09:31:59] System[3090] Lines[3514] Checks[4] Errors[26] DPMO[493] Sigma[4.7]
CHECKCD V2007.04.20 Start[02/06/14 13:20:43] End [02/06/14 13:20:45] System[SmallJavaMail] Dir[c:\JavaMail\GenericSource] Lines[127] Checks[15] Errors[11] DPMO[5413] Sigma[4.0]
CHK3090 Start[02/06/14 13:22:25] End [02/06/14 13:22:27] System[3090] Lines[3514] Checks[4] Errors[26] DPMO[493] Sigma[4.7]
CHK3090 Start[02/28/14 08:51:11] End [02/28/14 08:51:14] System[3090] Lines[3514] Checks[4] Errors[26] DPMO[493] Sigma[4.7]
CHK3090 Start[03/02/14 13:15:30] End [03/02/14 13:15:33] System[3090] Lines[3514] Checks[4] Errors[26] DPMO[493] Sigma[4.7]
CHECKCD V2007.04.20 Start[03/02/14 13:15:56] End [03/02/14 13:15:59] System[SmallJavaMail] Dir[c:\JavaMail\GenericSource] Lines[127] Checks[15] Errors[11] DPMO[5413] Sigma[4.0]
CHECKCD V2007.04.20 Start[03/10/14 15:21:24] End [03/10/14 15:21:27] System[SmallJavaMail] Dir[c:\JavaMail\GenericSource] Lines[127] Checks[15] Errors[11] DPMO[5413] Sigma[4.0]
CHECKCD V2007.04.20 Start[03/27/14 14:44:03] End [03/27/14 14:44:06] System[SmallJavaMail] Dir[c:\JavaMail\GenericSource] Lines[127] Checks[15] Errors[11] DPMO[5413] Sigma[4.0]
CHECKCD V2007.04.20 Start[04/01/14 10:28:30] End [04/01/14 10:28:33] System[SmallJavaMail] Dir[c:\JavaMail\GenericSource] Lines[127] Checks[15] Errors[11] DPMO[5413] Sigma[4.0]
CHECKCD V2007.04.20 Start[04/14/14 19:46:27] End [04/14/14 19:46:29] System[SmallJavaMail] Dir[c:\JavaMail\GenericSource] Lines[127] Checks[15] Errors[11] DPMO[5413] Sigma[4.0]
CHK3090 Start[04/14/14 19:48:50] End [04/14/14 19:48:53] System[3090] Lines[3514] Checks[4] Errors[26] DPMO[493] Sigma[4.7]
CHECKCD V2007.04.20 Start[04/15/14 08:06:07] End [04/15/14 08:06:10] System[SmallJavaMail] Dir[c:\JavaMail\GenericSource] Lines[127] Checks[15] Errors[11] DPMO[5413] Sigma[4.0]
CHK3090 Start[04/15/14 08:06:46] End [04/15/14 08:06:49] System[3090] Lines[3514] Checks[4] Errors[26] DPMO[493] Sigma[4.7]
CHK3090 Start[04/15/14 08:10:37] End [04/15/14 08:12:09] System[3090] Lines[151671] Checks[4] Errors[1815] DPMO[798] Sigma[4.6]
CHECKCD V2007.04.20 Start[04/15/14 08:53:26] End [04/15/14 08:53:28] System[SmallJavaMail] Dir[c:\JavaMail\GenericSource] Lines[127] Checks[15] Errors[11] DPMO[5413] Sigma[4.0]
CHK3090 Start[04/15/14 08:55:02] End [04/15/14 08:55:05] System[3090] Lines[3514] Checks[4] Errors[26] DPMO[493] Sigma[4.7]
CHK3090 Start[04/25/14 11:57:16] End [04/25/14 11:57:25] System[3090] Lines[12248] Checks[4] Errors[167] DPMO[909] Sigma[4.6]
CHECKCD V2007.04.20 Start[05/06/14 14:21:04] End [05/06/14 14:21:07] System[SmallJavaMail] Dir[c:\JavaMail\GenericSource] Lines[127] Checks[15] Errors[11] DPMO[5413] Sigma[4.0]
CHK3090 Start[05/06/14 14:21:42] End [05/06/14 14:21:45] System[3090] Lines[3514] Checks[4] Errors[26] DPMO[493] Sigma[4.7]
CHECKCD V2007.04.20 Start[05/23/14 10:39:11] End [05/23/14 10:39:14] System[SmallJavaMail] Dir[c:\JavaMail\GenericSource] Lines[127] Checks[15] Errors[11] DPMO[5413] Sigma[4.0]
CHK3090 Start[05/23/14 10:40:40] End [05/23/14 10:41:03] System[3090] Lines[48054] Checks[4] Errors[541] DPMO[751] Sigma[4.6]
CHECKCD V2007.04.20 Start[05/28/14 10:38:09] End [05/28/14 10:39:10] System[NeuralNetworks] Dir[c:\c-dir\NeuralNetworks\NetOne] Lines[18584] Checks[15] Errors[0] DPMO[0] Sigma[6.0]
CHECKCD V2007.04.20 Start[05/29/14 10:56:43] End [05/29/14 10:56:45] System[SmallJavaMail] Dir[c:\JavaMail\GenericSource] Lines[127] Checks[15] Errors[11] DPMO[5413] Sigma[4.0]
CHK3090 Start[05/29/14 10:57:18] End [05/29/14 10:57:40] System[3090] Lines[48054] Checks[4] Errors[541] DPMO[751] Sigma[4.6]
CHECKCD V2007.04.20 Start[06/05/14 09:58:06] End [06/05/14 09:58:09] System[SmallJavaMail] Dir[c:\JavaMail\GenericSource] Lines[127] Checks[15] Errors[11] DPMO[5413] Sigma[4.0]
CHECKCD V2007.04.20 Start[06/05/14 10:23:41] End [06/05/14 10:23:44] System[SmallJavaMail] Dir[c:\JavaMail\GenericSource] Lines[127] Checks[15] Errors[11] DPMO[5413] Sigma[4.0]
CHK3090 Start[06/05/14 10:26:28] End [06/05/14 10:26:52] System[3090] Lines[48054] Checks[4] Errors[541] DPMO[751] Sigma[4.6]
CHK3090 Start[06/13/14 15:06:16] End [06/13/14 15:06:19] System[3090] Lines[3514] Checks[4] Errors[26] DPMO[493] Sigma[4.7]
CHK3090 Start[09/17/14 13:13:00] End [09/17/14 13:13:07] System[3090] Lines[2130] Checks[4] Errors[4] DPMO[125] Sigma[5.1]
CHECKCD V2007.04.20 Start[09/17/14 13:14:44] End [09/17/14 13:14:51] System[Javamail] Dir[c:\JavaMail] Lines[758] Checks[15] Errors[64] DPMO[5277] Sigma[4.0]
CHK3090 Start[09/17/14 14:17:09] End [09/17/14 14:17:16] System[3090] Lines[2130] Checks[4] Errors[4] DPMO[125] Sigma[5.1]
CHK3090 Start[10/02/14 16:04:59] End [10/02/14 16:05:05] System[3090] Lines[2130] Checks[4] Errors[4] DPMO[125] Sigma[5.1]
