CHECKCD V2007.04.20 Start[12/29/13 13:53:10] End [12/29/13 13:53:17] System[Javamail] Dir[c:\javamail] Lines[758] Checks[15] Errors[64] DPMO[5277] Sigma[4.0]  IP Address::
CHECKCD V2007.04.20 Start[01/08/14 14:57:38] End [01/08/14 14:57:45] System[Javamail] Dir[c:\javamail] Lines[758] Checks[15] Errors[64] DPMO[5277] Sigma[4.0]  IP Address::
CHECKCD V2007.04.20 Start[01/08/14 15:50:00] End [01/08/14 15:50:07] System[Javamail] Dir[c:\javamail] Lines[758] Checks[15] Errors[64] DPMO[5277] Sigma[4.0]  IP Address::
CHECKCD V2007.04.20 Start[01/08/14 16:47:49] End [01/08/14 16:47:56] System[Javamail] Dir[c:\javamail] Lines[758] Checks[15] Errors[64] DPMO[5277] Sigma[4.0]  IP Address::
CHECKCD V2007.04.20 Start[01/12/14 08:26:04] End [01/12/14 08:26:06] System[Javamail] Dir[c:\javamai] Lines[] Checks[15] Errors[0] DPMO[0] Sigma[6.0]  IP Address::
CHECKCD V2007.04.20 Start[01/12/14 08:28:54] End [01/12/14 08:28:55] System[Javamail] Dir[c:\javamai] Lines[] Checks[15] Errors[0] DPMO[0] Sigma[6.0]  IP Address::
CHECKCD V2007.04.20 Start[01/12/14 08:30:14] End [01/12/14 08:30:15] System[Javamail] Dir[c:\javamai] Lines[] Checks[15] Errors[0] DPMO[0] Sigma[6.0]  IP Address::
CHECKCD V2007.04.20 Start[01/12/14 08:30:56] End [01/12/14 08:31:04] System[JM] Dir[c:\javamail] Lines[758] Checks[15] Errors[64] DPMO[5277] Sigma[4.0]  IP Address::
CHECKCD V2007.04.20 Start[01/12/14 08:34:35] End [01/12/14 08:34:43] System[Javamail] Dir[c:\javamail] Lines[758] Checks[15] Errors[64] DPMO[5277] Sigma[4.0]  IP Address::
CHECKCD V2007.04.20 Start[01/12/14 08:37:01] End [01/12/14 08:37:09] System[Javamail] Dir[c:\javamail] Lines[758] Checks[15] Errors[64] DPMO[5277] Sigma[4.0]  IP Address::
CHECKCD V2007.04.20 Start[01/12/14 11:06:11] End [01/12/14 11:06:19] System[Javamail] Dir[c:\JavaMail] Lines[758] Checks[15] Errors[64] DPMO[5277] Sigma[4.0]  IP Address::
CHECKCD V2007.04.20 Start[01/12/14 11:11:48] End [01/12/14 11:11:50] System[BeditTest] Dir[c:\BEdit\01032014a-backup] Lines[3180] Checks[15] Errors[0] DPMO[0] Sigma[6.0]  IP Address::
CHECKCD V2007.04.20 Start[01/12/14 13:03:20] End [01/12/14 13:03:22] System[SmallJavaMail] Dir[c:\JavaMail\GenericSource] Lines[127] Checks[15] Errors[11] DPMO[5413] Sigma[4.0]  IP Address::
CHECKCD V2007.04.20 Start[01/12/14 13:04:03] End [01/12/14 13:04:06] System[SmallJavaMail] Dir[c:\JavaMail\GenericSource] Lines[127] Checks[15] Errors[11] DPMO[5413] Sigma[4.0]  IP Address::
CHECKCD V2007.04.20 Start[01/12/14 17:04:28] End [01/12/14 17:04:32] System[JavaMailBackup] Dir[c:\JavaMail\Backup] Lines[307] Checks[15] Errors[28] DPMO[5700] Sigma[4.0]  IP Address::
CHECKCD V2007.04.20 Start[01/12/14 17:08:23] End [01/12/14 17:08:26] System[SmallJavaMail] Dir[c:\JavaMail\GenericSource] Lines[127] Checks[15] Errors[11] DPMO[5413] Sigma[4.0]  IP Address::
CHECKCD V2007.04.20 Start[01/12/14 17:09:02] End [01/12/14 17:09:05] System[SmallJavaMail] Dir[c:\JavaMail\GenericSource] Lines[127] Checks[15] Errors[11] DPMO[5413] Sigma[4.0]  IP Address::
CHECKCD V2007.04.20 Start[01/12/14 17:12:46] End [01/12/14 17:12:48] System[SmallJavaMail] Dir[c:\JavaMail\GenericSource] Lines[127] Checks[15] Errors[11] DPMO[5413] Sigma[4.0]  IP Address::
CHECKCD V2007.04.20 Start[01/12/14 17:14:03] End [01/12/14 17:14:06] System[SmallJavaMail] Dir[c:\JavaMail\GenericSource] Lines[127] Checks[15] Errors[11] DPMO[5413] Sigma[4.0]  IP Address::
CHECKCD V2007.04.20 Start[01/12/14 17:17:39] End [01/12/14 17:17:42] System[BeditTest] Dir[c:\BEdit\01032014a-backup] Lines[3180] Checks[15] Errors[0] DPMO[0] Sigma[6.0]  IP Address::
CHECKCD V2007.04.20 Start[01/12/14 17:18:22] End [01/12/14 17:18:25] System[BeditTest] Dir[c:\BEdit\01032014a-backup] Lines[3180] Checks[15] Errors[0] DPMO[0] Sigma[6.0]  IP Address::
CHECKCD V2007.04.20 Start[01/12/14 17:22:43] End [01/12/14 17:22:47] System[BeditTest] Dir[c:\BEdit\01032014a-backup] Lines[3180] Checks[15] Errors[0] DPMO[0] Sigma[6.0]  IP Address::
CHECKCD V2007.04.20 Start[01/12/14 17:26:02] End [01/12/14 17:26:05] System[BeditTest] Dir[c:\BEdit\01032014a-backup] Lines[3180] Checks[15] Errors[0] DPMO[0] Sigma[6.0]  IP Address::
CHECKCD V2007.04.20 Start[01/12/14 17:27:47] End [01/12/14 17:27:50] System[BeditTest] Dir[c:\BEdit\01032014a-backup] Lines[3180] Checks[15] Errors[0] DPMO[0] Sigma[6.0]  IP Address::
CHECKCD V2007.04.20 Start[01/12/14 17:28:14] End [01/12/14 17:28:17] System[BeditTest] Dir[c:\BEdit\01032014a-backup] Lines[3180] Checks[15] Errors[0] DPMO[0] Sigma[6.0]  IP Address::
CHECKCD V2007.04.20 Start[01/12/14 17:30:07] End [01/12/14 17:30:14] System[Javamail] Dir[c:\JavaMail] Lines[758] Checks[15] Errors[64] DPMO[5277] Sigma[4.0]  IP Address::
CHECKCD V2007.04.20 Start[01/12/14 17:30:48] End [01/12/14 17:30:56] System[Javamail] Dir[c:\JavaMail] Lines[758] Checks[15] Errors[64] DPMO[5277] Sigma[4.0]  IP Address::
CHECKCD V2007.04.20 Start[01/12/14 17:31:43] End [01/12/14 17:31:51] System[Javamail] Dir[c:\JavaMail] Lines[758] Checks[15] Errors[64] DPMO[5277] Sigma[4.0]  IP Address::
CHECKCD V2007.04.20 Start[01/12/14 17:33:28] End [01/12/14 17:33:31] System[SmallJavaMail] Dir[c:\JavaMail\GenericSource] Lines[127] Checks[15] Errors[11] DPMO[5413] Sigma[4.0]  IP Address::
CHECKCD V2007.04.20 Start[01/12/14 17:33:47] End [01/12/14 17:33:51] System[JavaMailBackup] Dir[c:\JavaMail\Backup] Lines[307] Checks[15] Errors[28] DPMO[5700] Sigma[4.0]  IP Address::
CHECKCD V2007.04.20 Start[01/12/14 17:34:03] End [01/12/14 17:34:07] System[B-Edit-1] Dir[c:\JavaMail\Backup] Lines[307] Checks[15] Errors[28] DPMO[5700] Sigma[4.0]  IP Address::
CHECKCD V2007.04.20 Start[01/12/14 17:34:37] End [01/12/14 17:34:46] System[Javamail] Dir[c:\JavaMail] Lines[758] Checks[15] Errors[64] DPMO[5277] Sigma[4.0]  IP Address::
CHECKCD V2007.04.20 Start[01/12/14 17:40:51] End [01/12/14 17:40:54] System[SmallJavaMail] Dir[c:\JavaMail\GenericSource] Lines[127] Checks[15] Errors[11] DPMO[5413] Sigma[4.0]  IP Address::
CHECKCD V2007.04.20 Start[01/12/14 18:15:30] End [01/12/14 18:15:37] System[RayTrace] Dir[c:\c-dir\Ray] Lines[877] Checks[15] Errors[3] DPMO[214] Sigma[5.0]  IP Address::
CHECKCD V2007.04.20 Start[01/12/14 18:17:31] End [01/12/14 18:18:49] System[NeuralNetworks] Dir[c:\c-dir\NeuralNetworks] Lines[20771] Checks[15] Errors[2] DPMO[6] Sigma[5.8]  IP Address::
CHECKCD V2007.04.20 Start[01/12/14 18:23:07] End [01/12/14 18:23:12] System[WTCPIP] Dir[c:\c-dir\TCPIP] Lines[675] Checks[15] Errors[0] DPMO[0] Sigma[6.0]  IP Address::
CHECKCD V2007.04.20 Start[01/12/14 18:27:06] End [01/12/14 18:27:08] System[SmallJavaMail] Dir[c:\JavaMail\GenericSource] Lines[127] Checks[15] Errors[11] DPMO[5413] Sigma[4.0]  IP Address::
CHECKCD V2007.04.20 Start[01/12/14 18:27:55] End [01/12/14 18:28:20] System[MFO] Dir[c:\cdcheck\MyFleetOffice] Lines[2815] Checks[15] Errors[12] DPMO[266] Sigma[4.9]  IP Address::
CHECKCD V2007.04.20 Start[01/12/14 18:29:10] End [01/12/14 18:29:16] System[ReportHistory] Dir[c:\cdcheck\RptHist] Lines[] Checks[15] Errors[0] DPMO[0] Sigma[6.0]  IP Address::
CHECKCD V2007.04.20 Start[01/12/14 18:35:11] End [01/12/14 18:36:10] System[NeuralNetworks] Dir[c:\c-dir\NeuralNetworks\NetOne] Lines[18584] Checks[15] Errors[0] DPMO[0] Sigma[6.0]  IP Address::
CHECKCD V2007.04.20 Start[01/13/14 16:20:02] End [01/13/14 16:20:12] System[Scabba] Dir[c:\BEdit\Scabba] Lines[9927] Checks[15] Errors[16] DPMO[101] Sigma[5.1]  IP Address::
CHECKCD V2007.04.20 Start[01/18/14 21:15:17] End [01/18/14 21:15:24] System[Javamail] Dir[c:\JavaMail] Lines[758] Checks[15] Errors[64] DPMO[5277] Sigma[4.0]  IP Address::
CHECKCD V2007.04.20 Start[01/20/14 21:42:43] End [01/20/14 21:42:50] System[Javamail] Dir[c:\JavaMail] Lines[758] Checks[15] Errors[64] DPMO[5277] Sigma[4.0]  IP Address::
CHECKCD V2007.04.20 Start[01/20/14 21:43:11] End [01/20/14 21:44:04] System[NeuralNetworks] Dir[c:\c-dir\NeuralNetworks\NetOne] Lines[18584] Checks[15] Errors[0] DPMO[0] Sigma[6.0]  IP Address::
CHECKCD V2007.04.20 Start[01/20/14 21:44:39] End [01/20/14 21:44:41] System[SmallJavaMail] Dir[c:\JavaMail\GenericSource] Lines[127] Checks[15] Errors[11] DPMO[5413] Sigma[4.0]  IP Address::
CHECKCD V2007.04.20 Start[01/21/14 13:15:28] End [01/21/14 13:15:32] System[SmallJavaMail] Dir[c:\JavaMail\GenericSource] Lines[127] Checks[15] Errors[11] DPMO[5413] Sigma[4.0]  IP Address::
CHECKCD V2007.04.20 Start[01/21/14 13:16:27] End [01/21/14 13:16:30] System[SmallJavaMail] Dir[c:\JavaMail\GenericSource] Lines[127] Checks[15] Errors[11] DPMO[5413] Sigma[4.0]  IP Address::
CHECKCD V2007.04.20 Start[01/28/14 13:57:19] End [01/28/14 13:57:21] System[SmallJavaMail] Dir[c:\JavaMail\GenericSource] Lines[127] Checks[15] Errors[11] DPMO[5413] Sigma[4.0]  IP Address:Fleet.capital.ge.com
CHECKCD V2007.04.20 Start[01/28/14 14:45:02] End [01/28/14 14:45:05] System[SmallJavaMail] Dir[c:\JavaMail\GenericSource] Lines[127] Checks[15] Errors[11] DPMO[5413] Sigma[4.0]  IP Address:Fleet.capital.ge.com
CHECKCD V2007.04.20 Start[02/03/14 11:29:09] End [02/03/14 11:29:12] System[SmallJavaMail] Dir[c:\JavaMail\GenericSource] Lines[127] Checks[15] Errors[11] DPMO[5413] Sigma[4.0]  IP Address::
CHECKCD V2007.04.20 Start[02/06/14 09:29:20] End [02/06/14 09:29:23] System[SmallJavaMail] Dir[c:\JavaMail\GenericSource] Lines[127] Checks[15] Errors[11] DPMO[5413] Sigma[4.0]  IP Address::
CHECKCD V2007.04.20 Start[02/06/14 13:20:43] End [02/06/14 13:20:45] System[SmallJavaMail] Dir[c:\JavaMail\GenericSource] Lines[127] Checks[15] Errors[11] DPMO[5413] Sigma[4.0]  IP Address::
CHECKCD V2007.04.20 Start[03/02/14 13:15:56] End [03/02/14 13:15:59] System[SmallJavaMail] Dir[c:\JavaMail\GenericSource] Lines[127] Checks[15] Errors[11] DPMO[5413] Sigma[4.0]  IP Address::
CHECKCD V2007.04.20 Start[03/10/14 15:21:24] End [03/10/14 15:21:27] System[SmallJavaMail] Dir[c:\JavaMail\GenericSource] Lines[127] Checks[15] Errors[11] DPMO[5413] Sigma[4.0]  IP Address::
CHECKCD V2007.04.20 Start[03/27/14 14:44:03] End [03/27/14 14:44:06] System[SmallJavaMail] Dir[c:\JavaMail\GenericSource] Lines[127] Checks[15] Errors[11] DPMO[5413] Sigma[4.0]  IP Address::
CHECKCD V2007.04.20 Start[04/01/14 10:28:30] End [04/01/14 10:28:33] System[SmallJavaMail] Dir[c:\JavaMail\GenericSource] Lines[127] Checks[15] Errors[11] DPMO[5413] Sigma[4.0]  IP Address::
CHECKCD V2007.04.20 Start[04/14/14 19:46:27] End [04/14/14 19:46:29] System[SmallJavaMail] Dir[c:\JavaMail\GenericSource] Lines[127] Checks[15] Errors[11] DPMO[5413] Sigma[4.0]  IP Address::
CHECKCD V2007.04.20 Start[04/15/14 08:06:07] End [04/15/14 08:06:10] System[SmallJavaMail] Dir[c:\JavaMail\GenericSource] Lines[127] Checks[15] Errors[11] DPMO[5413] Sigma[4.0]  IP Address::
CHECKCD V2007.04.20 Start[04/15/14 08:53:26] End [04/15/14 08:53:28] System[SmallJavaMail] Dir[c:\JavaMail\GenericSource] Lines[127] Checks[15] Errors[11] DPMO[5413] Sigma[4.0]  IP Address::
CHECKCD V2007.04.20 Start[05/06/14 14:21:04] End [05/06/14 14:21:07] System[SmallJavaMail] Dir[c:\JavaMail\GenericSource] Lines[127] Checks[15] Errors[11] DPMO[5413] Sigma[4.0]  IP Address::
CHECKCD V2007.04.20 Start[05/23/14 10:39:11] End [05/23/14 10:39:14] System[SmallJavaMail] Dir[c:\JavaMail\GenericSource] Lines[127] Checks[15] Errors[11] DPMO[5413] Sigma[4.0]  IP Address::
CHECKCD V2007.04.20 Start[05/28/14 10:38:09] End [05/28/14 10:39:10] System[NeuralNetworks] Dir[c:\c-dir\NeuralNetworks\NetOne] Lines[18584] Checks[15] Errors[0] DPMO[0] Sigma[6.0]  IP Address::
CHECKCD V2007.04.20 Start[05/29/14 10:56:43] End [05/29/14 10:56:45] System[SmallJavaMail] Dir[c:\JavaMail\GenericSource] Lines[127] Checks[15] Errors[11] DPMO[5413] Sigma[4.0]  IP Address::
CHECKCD V2007.04.20 Start[06/05/14 09:58:06] End [06/05/14 09:58:09] System[SmallJavaMail] Dir[c:\JavaMail\GenericSource] Lines[127] Checks[15] Errors[11] DPMO[5413] Sigma[4.0]  IP Address::
CHECKCD V2007.04.20 Start[06/05/14 10:23:41] End [06/05/14 10:23:44] System[SmallJavaMail] Dir[c:\JavaMail\GenericSource] Lines[127] Checks[15] Errors[11] DPMO[5413] Sigma[4.0]  IP Address::
CHECKCD V2007.04.20 Start[09/17/14 13:14:44] End [09/17/14 13:14:51] System[Javamail] Dir[c:\JavaMail] Lines[758] Checks[15] Errors[64] DPMO[5277] Sigma[4.0]  IP Address::
